<?xml version="1.0" encoding="UTF-8"?>
<testsuite name="de.uni_saarland.cs.se.VariabilityTypeCheckerTests" tests="8" skipped="0" failures="0" errors="0" timestamp="2025-01-06T20:35:10" hostname="Mac.fritz.box" time="0.109">
  <properties/>
  <testcase name="test42IsNum()" classname="de.uni_saarland.cs.se.VariabilityTypeCheckerTests" time="0.065"/>
  <testcase name="testIfConditionMustBeBool()" classname="de.uni_saarland.cs.se.VariabilityTypeCheckerTests" time="0.001"/>
  <testcase name="testIdInLetIsNotInContext()" classname="de.uni_saarland.cs.se.VariabilityTypeCheckerTests" time="0.0"/>
  <testcase name="testSmallerArgsMustBeNum()" classname="de.uni_saarland.cs.se.VariabilityTypeCheckerTests" time="0.001"/>
  <testcase name="testChoiceExpressionType()" classname="de.uni_saarland.cs.se.VariabilityTypeCheckerTests" time="0.038"/>
  <testcase name="testFailureIfVariableNotInContext()" classname="de.uni_saarland.cs.se.VariabilityTypeCheckerTests" time="0.001"/>
  <testcase name="testFalseIsBool()" classname="de.uni_saarland.cs.se.VariabilityTypeCheckerTests" time="0.0"/>
  <testcase name="testTrueIsBool()" classname="de.uni_saarland.cs.se.VariabilityTypeCheckerTests" time="0.001"/>
  <system-out><![CDATA[]]></system-out>
  <system-err><![CDATA[]]></system-err>
</testsuite>
